Launching lib/main.dart on Chrome in debug mode...
Waiting for connection from debug service on Chrome...
This app is linked to the debug service: ws://127.0.0.1:35103/6VOL4Yvha4E=/ws
Debug service listening on ws://127.0.0.1:35103/6VOL4Yvha4E=/ws
Debug service listening on ws://127.0.0.1:35103/6VOL4Yvha4E=/ws
Starting application from main method in: org-dartlang-app:/web_entrypoint.dart.
Found an existing <meta name="viewport"> tag. Flutter Web uses its own viewport configuration for better compatibility with Flutter. This tag will be replaced.
[auth] Creating ServiceFactory for http://127.0.0.1:5400
[auth] ServiceFactory ready — data widgets enabled
[sdui] dataSource projectService.findByIsPublicAndLastModifiedDate returned 4 items
[sdui] first item keys: [kind, id, isDeleted, rev, description, name, acl, createdDate, lastModifiedDate, urls, tags, meta, url, version, isPublic]
[sdui] first item: {kind: Project, id: b35d8b128969e6578e7b525a656fc4df, isDeleted: false, rev: 1-fc563cd65b87f52648b4e0d03eb59793, description: , name: python_auto_project, acl: {kind: Acl, owner: test, aces: []}, createdDate: {kind: Date, value: 2026-01-09T19:00:02.248432Z}, lastModifiedDate: {kind: Date, value: 2026-01-09T19:00:02.248432Z}, urls: [], tags: [], meta: [], url: {kind: Url, uri: }, version: , isPublic: true}
[sdui] dataSource projectService.findByIsPublicAndLastModifiedDate returned 4 items
[sdui] first item keys: [kind, id, isDeleted, rev, description, name, acl, createdDate, lastModifiedDate, urls, tags, meta, url, version, isPublic]
[sdui] first item: {kind: Project, id: b35d8b128969e6578e7b525a656fc4df, isDeleted: false, rev: 1-fc563cd65b87f52648b4e0d03eb59793, description: , name: python_auto_project, acl: {kind: Acl, owner: test, aces: []}, createdDate: {kind: Date, value: 2026-01-09T19:00:02.248432Z}, lastModifiedDate: {kind: Date, value: 2026-01-09T19:00:02.248432Z}, urls: [], tags: [], meta: [], url: {kind: Url, uri: }, version: , isPublic: true}
[sdui] dataSource projectService.findByIsPublicAndLastModifiedDate returned 4 items
[sdui] first item keys: [kind, id, isDeleted, rev, description, name, acl, createdDate, lastModifiedDate, urls, tags, meta, url, version, isPublic]
[sdui] first item: {kind: Project, id: b35d8b128969e6578e7b525a656fc4df, isDeleted: false, rev: 1-fc563cd65b87f52648b4e0d03eb59793, description: , name: python_auto_project, acl: {kind: Acl, owner: test, aces: []}, createdDate: {kind: Date, value: 2026-01-09T19:00:02.248432Z}, lastModifiedDate: {kind: Date, value: 2026-01-09T19:00:02.248432Z}, urls: [], tags: [], meta: [], url: {kind: Url, uri: }, version: , isPublic: true}
[sdui] dataSource projectService.findByIsPublicAndLastModifiedDate returned 4 items
[sdui] first item keys: [kind, id, isDeleted, rev, description, name, acl, createdDate, lastModifiedDate, urls, tags, meta, url, version, isPublic]
[sdui] first item: {kind: Project, id: b35d8b128969e6578e7b525a656fc4df, isDeleted: false, rev: 1-fc563cd65b87f52648b4e0d03eb59793, description: , name: python_auto_project, acl: {kind: Acl, owner: test, aces: []}, createdDate: {kind: Date, value: 2026-01-09T19:00:02.248432Z}, lastModifiedDate: {kind: Date, value: 2026-01-09T19:00:02.248432Z}, urls: [], tags: [], meta: [], url: {kind: Url, uri: }, version: , isPublic: true}
[sdui] dataSource projectService.findByIsPublicAndLastModifiedDate returned 4 items
[sdui] first item keys: [kind, id, isDeleted, rev, description, name, acl, createdDate, lastModifiedDate, urls, tags, meta, url, version, isPublic]
[sdui] first item: {kind: Project, id: b35d8b128969e6578e7b525a656fc4df, isDeleted: false, rev: 1-fc563cd65b87f52648b4e0d03eb59793, description: , name: python_auto_project, acl: {kind: Acl, owner: test, aces: []}, createdDate: {kind: Date, value: 2026-01-09T19:00:02.248432Z}, lastModifiedDate: {kind: Date, value: 2026-01-09T19:00:02.248432Z}, urls: [], tags: [], meta: [], url: {kind: Url, uri: }, version: , isPublic: true}
[sdui] dataSource projectService.findByIsPublicAndLastModifiedDate returned 4 items
[sdui] first item keys: [kind, id, isDeleted, rev, description, name, acl, createdDate, lastModifiedDate, urls, tags, meta, url, version, isPublic]
[sdui] first item: {kind: Project, id: b35d8b128969e6578e7b525a656fc4df, isDeleted: false, rev: 1-fc563cd65b87f52648b4e0d03eb59793, description: , name: python_auto_project, acl: {kind: Acl, owner: test, aces: []}, createdDate: {kind: Date, value: 2026-01-09T19:00:02.248432Z}, lastModifiedDate: {kind: Date, value: 2026-01-09T19:00:02.248432Z}, urls: [], tags: [], meta: [], url: {kind: Url, uri: }, version: , isPublic: true}
[sdui] dataSource projectService.findByIsPublicAndLastModifiedDate returned 4 items
[sdui] first item keys: [kind, id, isDeleted, rev, description, name, acl, createdDate, lastModifiedDate, urls, tags, meta, url, version, isPublic]
[sdui] first item: {kind: Project, id: b35d8b128969e6578e7b525a656fc4df, isDeleted: false, rev: 1-fc563cd65b87f52648b4e0d03eb59793, description: , name: python_auto_project, acl: {kind: Acl, owner: test, aces: []}, createdDate: {kind: Date, value: 2026-01-09T19:00:02.248432Z}, lastModifiedDate: {kind: Date, value: 2026-01-09T19:00:02.248432Z}, urls: [], tags: [], meta: [], url: {kind: Url, uri: }, version: , isPublic: true}
[sdui] dataSource projectService.findByIsPublicAndLastModifiedDate returned 4 items
[sdui] first item keys: [kind, id, isDeleted, rev, description, name, acl, createdDate, lastModifiedDate, urls, tags, meta, url, version, isPublic]
[sdui] first item: {kind: Project, id: b35d8b128969e6578e7b525a656fc4df, isDeleted: false, rev: 1-fc563cd65b87f52648b4e0d03eb59793, description: , name: python_auto_project, acl: {kind: Acl, owner: test, aces: []}, createdDate: {kind: Date, value: 2026-01-09T19:00:02.248432Z}, lastModifiedDate: {kind: Date, value: 2026-01-09T19:00:02.248432Z}, urls: [], tags: [], meta: [], url: {kind: Url, uri: }, version: , isPublic: true}
[sdui] dataSource projectService.findByIsPublicAndLastModifiedDate returned 4 items
[sdui] first item keys: [kind, id, isDeleted, rev, description, name, acl, createdDate, lastModifiedDate, urls, tags, meta, url, version, isPublic]
[sdui] first item: {kind: Project, id: b35d8b128969e6578e7b525a656fc4df, isDeleted: false, rev: 1-fc563cd65b87f52648b4e0d03eb59793, description: , name: python_auto_project, acl: {kind: Acl, owner: test, aces: []}, createdDate: {kind: Date, value: 2026-01-09T19:00:02.248432Z}, lastModifiedDate: {kind: Date, value: 2026-01-09T19:00:02.248432Z}, urls: [], tags: [], meta: [], url: {kind: Url, uri: }, version: , isPublic: true}
[sdui] dataSource projectService.findByIsPublicAndLastModifiedDate returned 4 items
[sdui] first item keys: [kind, id, isDeleted, rev, description, name, acl, createdDate, lastModifiedDate, urls, tags, meta, url, version, isPublic]
[sdui] first item: {kind: Project, id: b35d8b128969e6578e7b525a656fc4df, isDeleted: false, rev: 1-fc563cd65b87f52648b4e0d03eb59793, description: , name: python_auto_project, acl: {kind: Acl, owner: test, aces: []}, createdDate: {kind: Date, value: 2026-01-09T19:00:02.248432Z}, lastModifiedDate: {kind: Date, value: 2026-01-09T19:00:02.248432Z}, urls: [], tags: [], meta: [], url: {kind: Url, uri: }, version: , isPublic: true}
[sdui] dataSource projectService.findByIsPublicAndLastModifiedDate returned 4 items
[sdui] first item keys: [kind, id, isDeleted, rev, description, name, acl, createdDate, lastModifiedDate, urls, tags, meta, url, version, isPublic]
[sdui] first item: {kind: Project, id: b35d8b128969e6578e7b525a656fc4df, isDeleted: false, rev: 1-fc563cd65b87f52648b4e0d03eb59793, description: , name: python_auto_project, acl: {kind: Acl, owner: test, aces: []}, createdDate: {kind: Date, value: 2026-01-09T19:00:02.248432Z}, lastModifiedDate: {kind: Date, value: 2026-01-09T19:00:02.248432Z}, urls: [], tags: [], meta: [], url: {kind: Url, uri: }, version: , isPublic: true}
[sdui] dataSource projectService.findByIsPublicAndLastModifiedDate returned 4 items
[sdui] first item keys: [kind, id, isDeleted, rev, description, name, acl, createdDate, lastModifiedDate, urls, tags, meta, url, version, isPublic]
[sdui] first item: {kind: Project, id: b35d8b128969e6578e7b525a656fc4df, isDeleted: false, rev: 1-fc563cd65b87f52648b4e0d03eb59793, description: , name: python_auto_project, acl: {kind: Acl, owner: test, aces: []}, createdDate: {kind: Date, value: 2026-01-09T19:00:02.248432Z}, lastModifiedDate: {kind: Date, value: 2026-01-09T19:00:02.248432Z}, urls: [], tags: [], meta: [], url: {kind: Url, uri: }, version: , isPublic: true}
[sdui] dataSource projectService.findByIsPublicAndLastModifiedDate returned 4 items
[sdui] first item keys: [kind, id, isDeleted, rev, description, name, acl, createdDate, lastModifiedDate, urls, tags, meta, url, version, isPublic]
[sdui] first item: {kind: Project, id: b35d8b128969e6578e7b525a656fc4df, isDeleted: false, rev: 1-fc563cd65b87f52648b4e0d03eb59793, description: , name: python_auto_project, acl: {kind: Acl, owner: test, aces: []}, createdDate: {kind: Date, value: 2026-01-09T19:00:02.248432Z}, lastModifiedDate: {kind: Date, value: 2026-01-09T19:00:02.248432Z}, urls: [], tags: [], meta: [], url: {kind: Url, uri: }, version: , isPublic: true}
[sdui] dataSource projectService.findByIsPublicAndLastModifiedDate returned 4 items
[sdui] first item keys: [kind, id, isDeleted, rev, description, name, acl, createdDate, lastModifiedDate, urls, tags, meta, url, version, isPublic]
[sdui] first item: {kind: Project, id: b35d8b128969e6578e7b525a656fc4df, isDeleted: false, rev: 1-fc563cd65b87f52648b4e0d03eb59793, description: , name: python_auto_project, acl: {kind: Acl, owner: test, aces: []}, createdDate: {kind: Date, value: 2026-01-09T19:00:02.248432Z}, lastModifiedDate: {kind: Date, value: 2026-01-09T19:00:02.248432Z}, urls: [], tags: [], meta: [], url: {kind: Url, uri: }, version: , isPublic: true}
[sdui] dataSource projectService.findByIsPublicAndLastModifiedDate returned 4 items
[sdui] first item keys: [kind, id, isDeleted, rev, description, name, acl, createdDate, lastModifiedDate, urls, tags, meta, url, version, isPublic]
[sdui] first item: {kind: Project, id: b35d8b128969e6578e7b525a656fc4df, isDeleted: false, rev: 1-fc563cd65b87f52648b4e0d03eb59793, description: , name: python_auto_project, acl: {kind: Acl, owner: test, aces: []}, createdDate: {kind: Date, value: 2026-01-09T19:00:02.248432Z}, lastModifiedDate: {kind: Date, value: 2026-01-09T19:00:02.248432Z}, urls: [], tags: [], meta: [], url: {kind: Url, uri: }, version: , isPublic: true}
[sdui] dataSource projectService.findByIsPublicAndLastModifiedDate returned 4 items
[sdui] first item keys: [kind, id, isDeleted, rev, description, name, acl, createdDate, lastModifiedDate, urls, tags, meta, url, version, isPublic]
[sdui] first item: {kind: Project, id: b35d8b128969e6578e7b525a656fc4df, isDeleted: false, rev: 1-fc563cd65b87f52648b4e0d03eb59793, description: , name: python_auto_project, acl: {kind: Acl, owner: test, aces: []}, createdDate: {kind: Date, value: 2026-01-09T19:00:02.248432Z}, lastModifiedDate: {kind: Date, value: 2026-01-09T19:00:02.248432Z}, urls: [], tags: [], meta: [], url: {kind: Url, uri: }, version: , isPublic: true}
[sdui] dataSource projectService.findByIsPublicAndLastModifiedDate returned 4 items
[sdui] first item keys: [kind, id, isDeleted, rev, description, name, acl, createdDate, lastModifiedDate, urls, tags, meta, url, version, isPublic]
[sdui] first item: {kind: Project, id: b35d8b128969e6578e7b525a656fc4df, isDeleted: false, rev: 1-fc563cd65b87f52648b4e0d03eb59793, description: , name: python_auto_project, acl: {kind: Acl, owner: test, aces: []}, createdDate: {kind: Date, value: 2026-01-09T19:00:02.248432Z}, lastModifiedDate: {kind: Date, value: 2026-01-09T19:00:02.248432Z}, urls: [], tags: [], meta: [], url: {kind: Url, uri: }, version: , isPublic: true}
[sdui] dataSource projectService.findByIsPublicAndLastModifiedDate returned 4 items
[sdui] first item keys: [kind, id, isDeleted, rev, description, name, acl, createdDate, lastModifiedDate, urls, tags, meta, url, version, isPublic]
[sdui] first item: {kind: Project, id: b35d8b128969e6578e7b525a656fc4df, isDeleted: false, rev: 1-fc563cd65b87f52648b4e0d03eb59793, description: , name: python_auto_project, acl: {kind: Acl, owner: test, aces: []}, createdDate: {kind: Date, value: 2026-01-09T19:00:02.248432Z}, lastModifiedDate: {kind: Date, value: 2026-01-09T19:00:02.248432Z}, urls: [], tags: [], meta: [], url: {kind: Url, uri: }, version: , isPublic: true}
[sdui] dataSource projectService.findByIsPublicAndLastModifiedDate returned 4 items
[sdui] first item keys: [kind, id, isDeleted, rev, description, name, acl, createdDate, lastModifiedDate, urls, tags, meta, url, version, isPublic]
[sdui] first item: {kind: Project, id: b35d8b128969e6578e7b525a656fc4df, isDeleted: false, rev: 1-fc563cd65b87f52648b4e0d03eb59793, description: , name: python_auto_project, acl: {kind: Acl, owner: test, aces: []}, createdDate: {kind: Date, value: 2026-01-09T19:00:02.248432Z}, lastModifiedDate: {kind: Date, value: 2026-01-09T19:00:02.248432Z}, urls: [], tags: [], meta: [], url: {kind: Url, uri: }, version: , isPublic: true}
[sdui] dataSource projectService.findByIsPublicAndLastModifiedDate returned 4 items
[sdui] first item keys: [kind, id, isDeleted, rev, description, name, acl, createdDate, lastModifiedDate, urls, tags, meta, url, version, isPublic]
[sdui] first item: {kind: Project, id: b35d8b128969e6578e7b525a656fc4df, isDeleted: false, rev: 1-fc563cd65b87f52648b4e0d03eb59793, description: , name: python_auto_project, acl: {kind: Acl, owner: test, aces: []}, createdDate: {kind: Date, value: 2026-01-09T19:00:02.248432Z}, lastModifiedDate: {kind: Date, value: 2026-01-09T19:00:02.248432Z}, urls: [], tags: [], meta: [], url: {kind: Url, uri: }, version: , isPublic: true}
[sdui] dataSource projectService.findByIsPublicAndLastModifiedDate returned 4 items
[sdui] first item keys: [kind, id, isDeleted, rev, description, name, acl, createdDate, lastModifiedDate, urls, tags, meta, url, version, isPublic]
[sdui] first item: {kind: Project, id: b35d8b128969e6578e7b525a656fc4df, isDeleted: false, rev: 1-fc563cd65b87f52648b4e0d03eb59793, description: , name: python_auto_project, acl: {kind: Acl, owner: test, aces: []}, createdDate: {kind: Date, value: 2026-01-09T19:00:02.248432Z}, lastModifiedDate: {kind: Date, value: 2026-01-09T19:00:02.248432Z}, urls: [], tags: [], meta: [], url: {kind: Url, uri: }, version: , isPublic: true}
[sdui] dataSource projectService.findByIsPublicAndLastModifiedDate returned 4 items
[sdui] first item keys: [kind, id, isDeleted, rev, description, name, acl, createdDate, lastModifiedDate, urls, tags, meta, url, version, isPublic]
[sdui] first item: {kind: Project, id: b35d8b128969e6578e7b525a656fc4df, isDeleted: false, rev: 1-fc563cd65b87f52648b4e0d03eb59793, description: , name: python_auto_project, acl: {kind: Acl, owner: test, aces: []}, createdDate: {kind: Date, value: 2026-01-09T19:00:02.248432Z}, lastModifiedDate: {kind: Date, value: 2026-01-09T19:00:02.248432Z}, urls: [], tags: [], meta: [], url: {kind: Url, uri: }, version: , isPublic: true}
[sdui] dataSource projectService.findByIsPublicAndLastModifiedDate returned 4 items
[sdui] first item keys: [kind, id, isDeleted, rev, description, name, acl, createdDate, lastModifiedDate, urls, tags, meta, url, version, isPublic]
[sdui] first item: {kind: Project, id: b35d8b128969e6578e7b525a656fc4df, isDeleted: false, rev: 1-fc563cd65b87f52648b4e0d03eb59793, description: , name: python_auto_project, acl: {kind: Acl, owner: test, aces: []}, createdDate: {kind: Date, value: 2026-01-09T19:00:02.248432Z}, lastModifiedDate: {kind: Date, value: 2026-01-09T19:00:02.248432Z}, urls: [], tags: [], meta: [], url: {kind: Url, uri: }, version: , isPublic: true}
[sdui] dataSource projectService.findByIsPublicAndLastModifiedDate returned 4 items
[sdui] first item keys: [kind, id, isDeleted, rev, description, name, acl, createdDate, lastModifiedDate, urls, tags, meta, url, version, isPublic]
[sdui] first item: {kind: Project, id: b35d8b128969e6578e7b525a656fc4df, isDeleted: false, rev: 1-fc563cd65b87f52648b4e0d03eb59793, description: , name: python_auto_project, acl: {kind: Acl, owner: test, aces: []}, createdDate: {kind: Date, value: 2026-01-09T19:00:02.248432Z}, lastModifiedDate: {kind: Date, value: 2026-01-09T19:00:02.248432Z}, urls: [], tags: [], meta: [], url: {kind: Url, uri: }, version: , isPublic: true}
[sdui] dataSource projectService.findByIsPublicAndLastModifiedDate returned 4 items
[sdui] first item keys: [kind, id, isDeleted, rev, description, name, acl, createdDate, lastModifiedDate, urls, tags, meta, url, version, isPublic]
[sdui] first item: {kind: Project, id: b35d8b128969e6578e7b525a656fc4df, isDeleted: false, rev: 1-fc563cd65b87f52648b4e0d03eb59793, description: , name: python_auto_project, acl: {kind: Acl, owner: test, aces: []}, createdDate: {kind: Date, value: 2026-01-09T19:00:02.248432Z}, lastModifiedDate: {kind: Date, value: 2026-01-09T19:00:02.248432Z}, urls: [], tags: [], meta: [], url: {kind: Url, uri: }, version: , isPublic: true}
[sdui] dataSource projectService.findByIsPublicAndLastModifiedDate returned 4 items
[sdui] first item keys: [kind, id, isDeleted, rev, description, name, acl, createdDate, lastModifiedDate, urls, tags, meta, url, version, isPublic]
[sdui] first item: {kind: Project, id: b35d8b128969e6578e7b525a656fc4df, isDeleted: false, rev: 1-fc563cd65b87f52648b4e0d03eb59793, description: , name: python_auto_project, acl: {kind: Acl, owner: test, aces: []}, createdDate: {kind: Date, value: 2026-01-09T19:00:02.248432Z}, lastModifiedDate: {kind: Date, value: 2026-01-09T19:00:02.248432Z}, urls: [], tags: [], meta: [], url: {kind: Url, uri: }, version: , isPublic: true}
[sdui] dataSource projectService.findByIsPublicAndLastModifiedDate returned 4 items
[sdui] first item keys: [kind, id, isDeleted, rev, description, name, acl, createdDate, lastModifiedDate, urls, tags, meta, url, version, isPublic]
[sdui] first item: {kind: Project, id: b35d8b128969e6578e7b525a656fc4df, isDeleted: false, rev: 1-fc563cd65b87f52648b4e0d03eb59793, description: , name: python_auto_project, acl: {kind: Acl, owner: test, aces: []}, createdDate: {kind: Date, value: 2026-01-09T19:00:02.248432Z}, lastModifiedDate: {kind: Date, value: 2026-01-09T19:00:02.248432Z}, urls: [], tags: [], meta: [], url: {kind: Url, uri: }, version: , isPublic: true}
[sdui] dataSource projectService.findByIsPublicAndLastModifiedDate returned 4 items
[sdui] first item keys: [kind, id, isDeleted, rev, description, name, acl, createdDate, lastModifiedDate, urls, tags, meta, url, version, isPublic]
[sdui] first item: {kind: Project, id: b35d8b128969e6578e7b525a656fc4df, isDeleted: false, rev: 1-fc563cd65b87f52648b4e0d03eb59793, description: , name: python_auto_project, acl: {kind: Acl, owner: test, aces: []}, createdDate: {kind: Date, value: 2026-01-09T19:00:02.248432Z}, lastModifiedDate: {kind: Date, value: 2026-01-09T19:00:02.248432Z}, urls: [], tags: [], meta: [], url: {kind: Url, uri: }, version: , isPublic: true}
[sdui] dataSource projectService.findByIsPublicAndLastModifiedDate returned 4 items
[sdui] first item keys: [kind, id, isDeleted, rev, description, name, acl, createdDate, lastModifiedDate, urls, tags, meta, url, version, isPublic]
[sdui] first item: {kind: Project, id: b35d8b128969e6578e7b525a656fc4df, isDeleted: false, rev: 1-fc563cd65b87f52648b4e0d03eb59793, description: , name: python_auto_project, acl: {kind: Acl, owner: test, aces: []}, createdDate: {kind: Date, value: 2026-01-09T19:00:02.248432Z}, lastModifiedDate: {kind: Date, value: 2026-01-09T19:00:02.248432Z}, urls: [], tags: [], meta: [], url: {kind: Url, uri: }, version: , isPublic: true}
Application finished.

